<?xml version="1.0" encoding="UTF-8"?>
<!-- Generated by org.testng.reporters.JUnitReportReporter -->
<testsuite hostname="LENOVO-PC" name="JavascriptExecutor.Tc1Script" tests="1" failures="0" timestamp="30 Aug 2018 04:06:32 GMT" time="0.079" errors="0">
  <testcase name="data" time="0.079" classname="JavascriptExecutor.Tc1Script"/>
</testsuite> <!-- JavascriptExecutor.Tc1Script -->
