<?xml version="1.0" encoding="UTF-8"?>
<!-- Generated by org.testng.reporters.JUnitReportReporter -->
<testsuite hostname="LENOVO-PC" name="Frameworks.Datadriven2" tests="1" failures="0" timestamp="3 Nov 2018 12:32:06 GMT" time="18.047" errors="0">
  <testcase name="data" time="18.047" classname="Frameworks.Datadriven2"/>
</testsuite> <!-- Frameworks.Datadriven2 -->
