<?xml version="1.0" encoding="UTF-8"?>
<!-- Generated by org.testng.reporters.JUnitReportReporter -->
<testsuite hostname="LENOVO-PC" name="Webdriverprogrames.Hrmloginbyusingproperties" tests="1" failures="0" timestamp="2 Sep 2018 04:11:37 GMT" time="11.656" errors="0">
  <testcase name="data" time="11.656" classname="Webdriverprogrames.Hrmloginbyusingproperties"/>
</testsuite> <!-- Webdriverprogrames.Hrmloginbyusingproperties -->
