<?xml version="1.0" encoding="UTF-8"?>
<!-- Generated by org.testng.reporters.JUnitReportReporter -->
<testsuite hostname="LENOVO-PC" name="WorkingwithTestNG.SampleTestNGTC" tests="5" failures="0" timestamp="1 Sep 2018 03:30:27 GMT" time="0.000" errors="0">
  <testcase name="register" time="0.000" classname="WorkingwithTestNG.SampleTestNGTC"/>
  <testcase name="composereport" time="0.000" classname="WorkingwithTestNG.SampleTestNGTC"/>
  <testcase name="login" time="0.000" classname="WorkingwithTestNG.SampleTestNGTC"/>
  <testcase name="logout" time="0.000" classname="WorkingwithTestNG.SampleTestNGTC"/>
  <testcase name="sendmail" time="0.000" classname="WorkingwithTestNG.SampleTestNGTC"/>
</testsuite> <!-- WorkingwithTestNG.SampleTestNGTC -->
