<?xml version="1.0" encoding="UTF-8"?>
<!-- Generated by org.testng.reporters.JUnitReportReporter -->
<testsuite hostname="LENOVO-PC" name="WebdriverwithApachiPOI.Tc1getdatafromWebpage" tests="1" failures="0" timestamp="8 Sep 2018 05:57:09 GMT" time="20.092" errors="0">
  <testcase name="data" time="20.092" classname="WebdriverwithApachiPOI.Tc1getdatafromWebpage"/>
</testsuite> <!-- WebdriverwithApachiPOI.Tc1getdatafromWebpage -->
