<?xml version="1.0" encoding="UTF-8"?>
<!-- Generated by org.testng.reporters.JUnitReportReporter -->
<testsuite hostname="LENOVO-PC" name="WorkingwithText.Tc1counttext" tests="2" failures="0" timestamp="1 Oct 2018 02:59:22 GMT" time="12.264" errors="0">
  <testcase name="verifyRegister" time="0.218" classname="WorkingwithText.Tc1counttext"/>
  <testcase name="data" time="12.046" classname="WorkingwithText.Tc1counttext"/>
</testsuite> <!-- WorkingwithText.Tc1counttext -->
