<?xml version="1.0" encoding="UTF-8"?>
<!-- Generated by org.testng.reporters.JUnitReportReporter -->
<testsuite hostname="LENOVO-PC" name="Webdriverprogrames.workingwithsikuli" tests="1" failures="0" timestamp="25 Jul 2019 02:05:51 GMT" time="9.629" errors="0">
  <testcase name="data" time="9.629" classname="Webdriverprogrames.workingwithsikuli"/>
</testsuite> <!-- Webdriverprogrames.workingwithsikuli -->
