<?xml version="1.0" encoding="UTF-8"?>
<!-- Generated by org.testng.reporters.JUnitReportReporter -->
<testsuite hostname="LENOVO-PC" name="WorkingwithFrames.FranesTC1" tests="1" failures="0" timestamp="18 Aug 2018 04:29:40 GMT" time="0.829" errors="0">
  <testcase name="data" time="0.829" classname="WorkingwithFrames.FranesTC1"/>
</testsuite> <!-- WorkingwithFrames.FranesTC1 -->
