<?xml version="1.0" encoding="UTF-8"?>
<!-- Generated by org.testng.reporters.JUnitReportReporter -->
<testsuite hostname="LENOVO-PC" name="AdvancedUserIntractions.Tc1" tests="1" failures="0" timestamp="19 Aug 2018 04:41:07 GMT" time="3.964" errors="0">
  <testcase name="operations" time="3.964" classname="AdvancedUserIntractions.Tc1"/>
</testsuite> <!-- AdvancedUserIntractions.Tc1 -->
