<?xml version="1.0" encoding="UTF-8"?>
<!-- Generated by org.testng.reporters.JUnitReportReporter -->
<testsuite hostname="LENOVO-PC" name="Frameworks.Modular2" tests="1" failures="0" timestamp="13 Oct 2018 04:21:04 GMT" time="26.304" errors="0">
  <testcase name="open" time="26.304" classname="Frameworks.Modular2"/>
</testsuite> <!-- Frameworks.Modular2 -->
