<?xml version="1.0" encoding="UTF-8"?>
<!-- Generated by org.testng.reporters.JUnitReportReporter -->
<testsuite hostname="LENOVO-PC" name="WorkingwithTestNG.HRMLoginByTestNG" tests="3" failures="0" timestamp="2 Sep 2018 04:01:47 GMT" time="16.126" errors="0">
  <testcase name="verifylogout" time="0.746" classname="WorkingwithTestNG.HRMLoginByTestNG"/>
  <testcase name="login" time="14.925" classname="WorkingwithTestNG.HRMLoginByTestNG"/>
  <testcase name="logout" time="0.455" classname="WorkingwithTestNG.HRMLoginByTestNG"/>
</testsuite> <!-- WorkingwithTestNG.HRMLoginByTestNG -->
