<?xml version="1.0" encoding="UTF-8"?>
<!-- Generated by org.testng.reporters.JUnitReportReporter -->
<testsuite hostname="LENOVO-PC" name="Webdriverprogrames.Autoitexamp" tests="1" failures="0" timestamp="24 Jul 2019 02:24:27 GMT" time="15.796" errors="0">
  <testcase name="operation" time="15.796" classname="Webdriverprogrames.Autoitexamp"/>
</testsuite> <!-- Webdriverprogrames.Autoitexamp -->
