<?xml version="1.0" encoding="UTF-8"?>
<!-- Generated by org.testng.reporters.JUnitReportReporter -->
<testsuite hostname="LENOVO-PC" name="WorkingwithWebtable.WebtableTC1" tests="1" failures="0" timestamp="17 Aug 2018 04:38:40 GMT" time="19.133" errors="0">
  <testcase name="data" time="19.133" classname="WorkingwithWebtable.WebtableTC1"/>
</testsuite> <!-- WorkingwithWebtable.WebtableTC1 -->
