<?xml version="1.0" encoding="UTF-8"?>
<!-- Generated by org.testng.reporters.JUnitReportReporter -->
<testsuite hostname="LENOVO-PC" name="AutoationFrameworks.DatadrivenTestingbyhrmlogin" tests="1" failures="0" timestamp="9 Sep 2018 04:45:52 GMT" time="42.290" errors="0">
  <testcase name="data" time="42.290" classname="AutoationFrameworks.DatadrivenTestingbyhrmlogin"/>
</testsuite> <!-- AutoationFrameworks.DatadrivenTestingbyhrmlogin -->
