<?xml version="1.0" encoding="UTF-8"?>
<!-- Generated by org.testng.reporters.JUnitReportReporter -->
<testsuite hostname="LENOVO-PC" name="WorkingwithCookies.Tc1Cookies" tests="1" failures="0" timestamp="29 Aug 2018 03:43:38 GMT" time="18.355" errors="0">
  <testcase name="data" time="18.355" classname="WorkingwithCookies.Tc1Cookies"/>
</testsuite> <!-- WorkingwithCookies.Tc1Cookies -->
