<?xml version="1.0" encoding="UTF-8"?>
<!-- Generated by org.testng.reporters.JUnitReportReporter -->
<testsuite hostname="LENOVO-PC" name="WorkingwithApachiPOI.GetdatafromWebapplication" tests="1" failures="0" timestamp="7 Sep 2018 05:59:17 GMT" time="10.335" errors="0">
  <testcase name="getdata" time="10.335" classname="WorkingwithApachiPOI.GetdatafromWebapplication"/>
</testsuite> <!-- WorkingwithApachiPOI.GetdatafromWebapplication -->
