<?xml version="1.0" encoding="UTF-8"?>
<!-- Generated by org.testng.reporters.JUnitReportReporter -->
<testsuite hostname="LENOVO-PC" name="WorkingwithAlert.Tc1Alerts" tests="1" failures="0" timestamp="19 Aug 2018 05:33:47 GMT" time="4.588" errors="0">
  <testcase name="task" time="4.588" classname="WorkingwithAlert.Tc1Alerts"/>
</testsuite> <!-- WorkingwithAlert.Tc1Alerts -->
